<?xml version="1.0" encoding="UTF-8"?>
<!-- Generated by org.testng.reporters.JUnitXMLReporter -->
<testsuite ignored="0" hostname="TAP-5CD016H1H5" failures="0" tests="3" name="Test" time="0.424" errors="0" timestamp="2025-10-11T14:02:15 IST">
  <testcase classname="jenkins.JenkinsPracticeTest" name="jenkinsTest" time="0.064"/>
  <testcase classname="maven.MavenPracticeTest" name="mavenTest" time="0.011"/>
  <testcase classname="github.GitHubPracticeTest" name="githubTest" time="0.005"/>
</testsuite> <!-- Test -->
