<?xml version="1.0" encoding="UTF-8"?>
<testng-results ignored="0" total="3" passed="3" failed="0" skipped="0">
  <reporter-output>
  </reporter-output>
  <suite started-at="2025-10-11T14:02:14 IST" name="Suite" finished-at="2025-10-11T14:02:15 IST" duration-ms="424">
    <groups>
    </groups>
    <test started-at="2025-10-11T14:02:14 IST" name="Test" finished-at="2025-10-11T14:02:15 IST" duration-ms="424">
      <class name="maven.MavenPracticeTest">
        <test-method signature="mavenTest()[pri:0, instance:maven.MavenPracticeTest@11392934]" started-at="2025-10-11T14:02:15 IST" name="mavenTest" finished-at="2025-10-11T14:02:15 IST" duration-ms="11" status="PASS">
          <reporter-output>
          </reporter-output>
        </test-method> <!-- mavenTest -->
      </class> <!-- maven.MavenPracticeTest -->
      <class name="jenkins.JenkinsPracticeTest">
        <test-method signature="jenkinsTest()[pri:0, instance:jenkins.JenkinsPracticeTest@3646a422]" started-at="2025-10-11T14:02:15 IST" name="jenkinsTest" finished-at="2025-10-11T14:02:15 IST" duration-ms="64" status="PASS">
          <reporter-output>
          </reporter-output>
        </test-method> <!-- jenkinsTest -->
      </class> <!-- jenkins.JenkinsPracticeTest -->
      <class name="github.GitHubPracticeTest">
        <test-method signature="githubTest()[pri:0, instance:github.GitHubPracticeTest@6892b3b6]" started-at="2025-10-11T14:02:15 IST" name="githubTest" finished-at="2025-10-11T14:02:15 IST" duration-ms="5" status="PASS">
          <reporter-output>
          </reporter-output>
        </test-method> <!-- githubTest -->
      </class> <!-- github.GitHubPracticeTest -->
    </test> <!-- Test -->
  </suite> <!-- Suite -->
</testng-results>
